2025-04-10 02:00:27,625 - resume_scorer - INFO - Script started
2025-04-10 02:00:27,627 - resume_scorer - INFO - Parsing input arguments
2025-04-10 02:00:27,627 - resume_scorer - INFO - Calculating score
2025-04-10 02:00:27,627 - resume_scorer - INFO - Starting score calculation
2025-04-10 02:00:27,627 - resume_scorer - INFO - Calculating skills score
2025-04-10 02:00:27,628 - resume_scorer - INFO - Calculating education score
2025-04-10 02:00:27,628 - resume_scorer - ERROR - Unexpected error: name 'score_education' is not defined
Traceback (most recent call last):
  File "C:\Users\hp\Desktop\resume\resume\resume-ranking-system\server\python\rank_generator.py", line 117, in <module>
    score = calculate_score(resume_data, company_data)
            ^^^^^^^^^^^^^^^^^^^^^^^^^^^^^^^^^^^^^^^^^^
  File "C:\Users\hp\Desktop\resume\resume\resume-ranking-system\server\python\rank_generator.py", line 40, in calculate_score
    education_score = score_education(resume_data.get('CPI', 0),
                     ^^^^^^^^^^^^^^^
NameError: name 'score_education' is not defined
2025-04-10 02:02:08,731 - resume_scorer - INFO - Script started
2025-04-10 02:02:08,731 - resume_scorer - INFO - Parsing input arguments
2025-04-10 02:02:08,731 - resume_scorer - INFO - Calculating score
2025-04-10 02:02:08,731 - resume_scorer - INFO - Starting score calculation
2025-04-10 02:02:08,731 - resume_scorer - INFO - Calculating skills score
2025-04-10 02:02:08,732 - resume_scorer - INFO - Calculating education score
2025-04-10 02:02:08,732 - resume_scorer - ERROR - Unexpected error: name 'score_education' is not defined
Traceback (most recent call last):
  File "C:\Users\hp\Desktop\resume\resume\resume-ranking-system\server\python\rank_generator.py", line 117, in <module>
    score = calculate_score(resume_data, company_data)
            ^^^^^^^^^^^^^^^^^^^^^^^^^^^^^^^^^^^^^^^^^^
  File "C:\Users\hp\Desktop\resume\resume\resume-ranking-system\server\python\rank_generator.py", line 40, in calculate_score
    education_score = score_education(resume_data.get('CPI', 0),
                     ^^^^^^^^^^^^^^^
NameError: name 'score_education' is not defined
2025-04-10 02:05:35,999 - resume_scorer - INFO - Script started
2025-04-10 02:05:36,000 - resume_scorer - INFO - Parsing input arguments
2025-04-10 02:05:36,000 - resume_scorer - INFO - Calculating score
2025-04-10 02:05:36,000 - resume_scorer - INFO - Starting score calculation
2025-04-10 02:05:36,000 - resume_scorer - INFO - Calculating skills score
2025-04-10 02:05:36,000 - resume_scorer - INFO - Calculating education score
2025-04-10 02:05:36,001 - resume_scorer - INFO - Calculating projects score
2025-04-10 02:05:36,001 - resume_scorer - ERROR - Unexpected error: name 'score_projects' is not defined
Traceback (most recent call last):
  File "C:\Users\hp\Desktop\resume\resume\resume-ranking-system\server\python\rank_generator.py", line 154, in <module>
    score = calculate_score(resume_data, company_data)
            ^^^^^^^^^^^^^^^^^^^^^^^^^^^^^^^^^^^^^^^^^^
  File "C:\Users\hp\Desktop\resume\resume\resume-ranking-system\server\python\rank_generator.py", line 47, in calculate_score
    projects_score = score_projects(resume_data.get('Projects', 0),
                    ^^^^^^^^^^^^^^
NameError: name 'score_projects' is not defined
2025-04-10 02:07:27,834 - resume_scorer - INFO - Script started
2025-04-10 02:07:27,834 - resume_scorer - INFO - Parsing input arguments
2025-04-10 02:07:27,834 - resume_scorer - INFO - Calculating score
2025-04-10 02:07:27,834 - resume_scorer - INFO - Starting score calculation
2025-04-10 02:07:27,834 - resume_scorer - INFO - Calculating skills score
2025-04-10 02:07:27,834 - resume_scorer - INFO - Calculating education score
2025-04-10 02:07:27,834 - resume_scorer - INFO - Calculating projects score
2025-04-10 02:07:27,834 - resume_scorer - INFO - Calculating experience score
2025-04-10 02:07:27,834 - resume_scorer - INFO - Skills score: 17.5
2025-04-10 02:07:27,835 - resume_scorer - INFO - Education score: 70
2025-04-10 02:07:27,835 - resume_scorer - INFO - Projects score: 25.0
2025-04-10 02:07:27,835 - resume_scorer - INFO - Experience score: 0
2025-04-10 02:07:27,835 - resume_scorer - INFO - Final score: 29.875
2025-04-10 02:07:27,835 - resume_scorer - INFO - Final score: 29.88
2025-04-10 02:07:27,835 - resume_scorer - INFO - Script completed successfully
